\BOOKMARK [0][-]{chapter.1}{\376\377\0001\000\040\000N\000a\000m\000e\000s\000p\000a\000c\000e\000\040\000I\000n\000d\000e\000x}{}% 1
\BOOKMARK [1][-]{section.1.1}{\376\377\0001\000.\0001\000\040\000P\000a\000c\000k\000a\000g\000e\000s}{chapter.1}% 2
\BOOKMARK [0][-]{chapter.2}{\376\377\0002\000\040\000N\000a\000m\000e\000s\000p\000a\000c\000e\000\040\000D\000o\000c\000u\000m\000e\000n\000t\000a\000t\000i\000o\000n}{}% 3
\BOOKMARK [1][-]{section.2.1}{\376\377\0002\000.\0001\000\040\000r\000e\000s\000t\000.\000c\000h\000e\000c\000k\000e\000r\000\137\000c\000o\000r\000e\000.\000b\000a\000c\000k\000u\000p\000\137\000c\000h\000e\000c\000k\000e\000r\000\040\000N\000a\000m\000e\000s\000p\000a\000c\000e\000\040\000R\000e\000f\000e\000r\000e\000n\000c\000e}{chapter.2}% 4
\BOOKMARK [2][-]{subsection.2.1.1}{\376\377\0002\000.\0001\000.\0001\000\040\000D\000e\000t\000a\000i\000l\000e\000d\000\040\000D\000e\000s\000c\000r\000i\000p\000t\000i\000o\000n}{section.2.1}% 5
\BOOKMARK [2][-]{subsection.2.1.2}{\376\377\0002\000.\0001\000.\0002\000\040\000F\000u\000n\000c\000t\000i\000o\000n\000\040\000D\000o\000c\000u\000m\000e\000n\000t\000a\000t\000i\000o\000n}{section.2.1}% 6
\BOOKMARK [3][-]{subsubsection.2.1.2.1}{\376\377\0002\000.\0001\000.\0002\000.\0001\000\040\000b\000a\000c\000k\000u\000p\000\137\000t\000o\000k\000e\000n\000i\000z\000e\000\050\000\051}{subsection.2.1.2}% 7
\BOOKMARK [1][-]{section.2.2}{\376\377\0002\000.\0002\000\040\000r\000e\000s\000t\000.\000c\000h\000e\000c\000k\000e\000r\000\137\000c\000o\000r\000e\000.\000c\000h\000e\000c\000k\000e\000r\000\137\000c\000p\000p\000\040\000N\000a\000m\000e\000s\000p\000a\000c\000e\000\040\000R\000e\000f\000e\000r\000e\000n\000c\000e}{chapter.2}% 8
\BOOKMARK [2][-]{subsection.2.2.1}{\376\377\0002\000.\0002\000.\0001\000\040\000D\000e\000t\000a\000i\000l\000e\000d\000\040\000D\000e\000s\000c\000r\000i\000p\000t\000i\000o\000n}{section.2.2}% 9
\BOOKMARK [2][-]{subsection.2.2.2}{\376\377\0002\000.\0002\000.\0002\000\040\000F\000u\000n\000c\000t\000i\000o\000n\000\040\000D\000o\000c\000u\000m\000e\000n\000t\000a\000t\000i\000o\000n}{section.2.2}% 10
\BOOKMARK [3][-]{subsubsection.2.2.2.1}{\376\377\0002\000.\0002\000.\0002\000.\0001\000\040\000a\000d\000d\000\137\000f\000u\000n\000c\000\050\000\051}{subsection.2.2.2}% 11
\BOOKMARK [3][-]{subsubsection.2.2.2.2}{\376\377\0002\000.\0002\000.\0002\000.\0002\000\040\000b\000a\000s\000i\000c\000C\000h\000e\000c\000k\000\050\000\051}{subsection.2.2.2}% 12
\BOOKMARK [3][-]{subsubsection.2.2.2.3}{\376\377\0002\000.\0002\000.\0002\000.\0003\000\040\000c\000l\000a\000s\000s\000\137\000n\000\137\000f\000u\000n\000c\000\137\000t\000o\000k\000e\000n\000s\000\050\000\051}{subsection.2.2.2}% 13
\BOOKMARK [3][-]{subsubsection.2.2.2.4}{\376\377\0002\000.\0002\000.\0002\000.\0004\000\040\000d\000e\000l\000i\000m\000i\000t\000e\000r\000C\000o\000r\000r\000e\000c\000t\000i\000o\000n\000\050\000\051}{subsection.2.2.2}% 14
\BOOKMARK [3][-]{subsubsection.2.2.2.5}{\376\377\0002\000.\0002\000.\0002\000.\0005\000\040\000d\000e\000l\000i\000m\000i\000t\000e\000r\000s\000\050\000\051}{subsection.2.2.2}% 15
\BOOKMARK [3][-]{subsubsection.2.2.2.6}{\376\377\0002\000.\0002\000.\0002\000.\0006\000\040\000f\000u\000n\000c\000C\000h\000e\000c\000k\000\050\000\051}{subsection.2.2.2}% 16
\BOOKMARK [3][-]{subsubsection.2.2.2.7}{\376\377\0002\000.\0002\000.\0002\000.\0007\000\040\000h\000a\000s\000W\000h\000i\000t\000e\000S\000p\000a\000c\000e\000\050\000\051}{subsection.2.2.2}% 17
\BOOKMARK [3][-]{subsubsection.2.2.2.8}{\376\377\0002\000.\0002\000.\0002\000.\0008\000\040\000i\000d\000e\000n\000t\000i\000f\000i\000e\000r\000s\000\050\000\051}{subsection.2.2.2}% 18
\BOOKMARK [3][-]{subsubsection.2.2.2.9}{\376\377\0002\000.\0002\000.\0002\000.\0009\000\040\000i\000s\000W\000h\000i\000t\000e\000S\000p\000a\000c\000e\000\050\000\051}{subsection.2.2.2}% 19
\BOOKMARK [3][-]{subsubsection.2.2.2.10}{\376\377\0002\000.\0002\000.\0002\000.\0001\0000\000\040\000k\000e\000y\000w\000o\000r\000d\000s\000\050\000\051}{subsection.2.2.2}% 20
\BOOKMARK [3][-]{subsubsection.2.2.2.11}{\376\377\0002\000.\0002\000.\0002\000.\0001\0001\000\040\000o\000p\000e\000r\000a\000t\000o\000r\000s\000\050\000\051}{subsection.2.2.2}% 21
\BOOKMARK [3][-]{subsubsection.2.2.2.12}{\376\377\0002\000.\0002\000.\0002\000.\0001\0002\000\040\000r\000u\000n\000\050\000\051}{subsection.2.2.2}% 22
\BOOKMARK [3][-]{subsubsection.2.2.2.13}{\376\377\0002\000.\0002\000.\0002\000.\0001\0003\000\040\000t\000o\000k\000e\000n\000i\000z\000e\000\050\000\051}{subsection.2.2.2}% 23
\BOOKMARK [3][-]{subsubsection.2.2.2.14}{\376\377\0002\000.\0002\000.\0002\000.\0001\0004\000\040\000t\000o\000k\000e\000n\000i\000z\000e\000\137\000c\000p\000p\000\050\000\051}{subsection.2.2.2}% 24
\BOOKMARK [2][-]{subsection.2.2.3}{\376\377\0002\000.\0002\000.\0003\000\040\000V\000a\000r\000i\000a\000b\000l\000e\000\040\000D\000o\000c\000u\000m\000e\000n\000t\000a\000t\000i\000o\000n}{section.2.2}% 25
\BOOKMARK [3][-]{subsubsection.2.2.3.1}{\376\377\0002\000.\0002\000.\0003\000.\0001\000\040\000x\000m\000l\000\137\000g\000e\000n\000e\000r\000a\000t\000o\000r\000\137\000c\000o\000n\000f\000i\000g}{subsection.2.2.3}% 26
\BOOKMARK [1][-]{section.2.3}{\376\377\0002\000.\0003\000\040\000r\000e\000s\000t\000.\000c\000h\000e\000c\000k\000e\000r\000\137\000c\000o\000r\000e\000.\000c\000h\000e\000c\000k\000e\000r\000\137\000j\000a\000v\000a\000\040\000N\000a\000m\000e\000s\000p\000a\000c\000e\000\040\000R\000e\000f\000e\000r\000e\000n\000c\000e}{chapter.2}% 27
\BOOKMARK [2][-]{subsection.2.3.1}{\376\377\0002\000.\0003\000.\0001\000\040\000D\000e\000t\000a\000i\000l\000e\000d\000\040\000D\000e\000s\000c\000r\000i\000p\000t\000i\000o\000n}{section.2.3}% 28
\BOOKMARK [2][-]{subsection.2.3.2}{\376\377\0002\000.\0003\000.\0002\000\040\000F\000u\000n\000c\000t\000i\000o\000n\000\040\000D\000o\000c\000u\000m\000e\000n\000t\000a\000t\000i\000o\000n}{section.2.3}% 29
\BOOKMARK [3][-]{subsubsection.2.3.2.1}{\376\377\0002\000.\0003\000.\0002\000.\0001\000\040\000t\000o\000k\000e\000n\000i\000z\000e\000\137\000j\000a\000v\000\050\000\051}{subsection.2.3.2}% 30
\BOOKMARK [1][-]{section.2.4}{\376\377\0002\000.\0004\000\040\000r\000e\000s\000t\000.\000c\000h\000e\000c\000k\000e\000r\000\137\000c\000o\000r\000e\000.\000c\000h\000e\000c\000k\000e\000r\000\137\000p\000y\000\040\000N\000a\000m\000e\000s\000p\000a\000c\000e\000\040\000R\000e\000f\000e\000r\000e\000n\000c\000e}{chapter.2}% 31
\BOOKMARK [2][-]{subsection.2.4.1}{\376\377\0002\000.\0004\000.\0001\000\040\000D\000e\000t\000a\000i\000l\000e\000d\000\040\000D\000e\000s\000c\000r\000i\000p\000t\000i\000o\000n}{section.2.4}% 32
\BOOKMARK [2][-]{subsection.2.4.2}{\376\377\0002\000.\0004\000.\0002\000\040\000F\000u\000n\000c\000t\000i\000o\000n\000\040\000D\000o\000c\000u\000m\000e\000n\000t\000a\000t\000i\000o\000n}{section.2.4}% 33
\BOOKMARK [3][-]{subsubsection.2.4.2.1}{\376\377\0002\000.\0004\000.\0002\000.\0001\000\040\000a\000d\000d\000\137\000f\000u\000n\000c\000t\000i\000o\000n\000\137\000t\000o\000k\000e\000n\000s\000\050\000\051}{subsection.2.4.2}% 34
\BOOKMARK [3][-]{subsubsection.2.4.2.2}{\376\377\0002\000.\0004\000.\0002\000.\0002\000\040\000t\000o\000k\000e\000n\000i\000z\000e\000\137\000p\000y\000\050\000\051}{subsection.2.4.2}% 35
\BOOKMARK [1][-]{section.2.5}{\376\377\0002\000.\0005\000\040\000r\000e\000s\000t\000.\000c\000h\000e\000c\000k\000e\000r\000\137\000c\000o\000r\000e\000.\000F\000i\000n\000a\000l\000\137\000C\000h\000e\000c\000k\000e\000r\000\040\000N\000a\000m\000e\000s\000p\000a\000c\000e\000\040\000R\000e\000f\000e\000r\000e\000n\000c\000e}{chapter.2}% 36
\BOOKMARK [2][-]{subsection.2.5.1}{\376\377\0002\000.\0005\000.\0001\000\040\000D\000e\000t\000a\000i\000l\000e\000d\000\040\000D\000e\000s\000c\000r\000i\000p\000t\000i\000o\000n}{section.2.5}% 37
\BOOKMARK [2][-]{subsection.2.5.2}{\376\377\0002\000.\0005\000.\0002\000\040\000F\000u\000n\000c\000t\000i\000o\000n\000\040\000D\000o\000c\000u\000m\000e\000n\000t\000a\000t\000i\000o\000n}{section.2.5}% 38
\BOOKMARK [3][-]{subsubsection.2.5.2.1}{\376\377\0002\000.\0005\000.\0002\000.\0001\000\040\000e\000x\000t\000r\000a\000c\000t\000\137\000f\000i\000l\000e\000s\000\050\000\051}{subsection.2.5.2}% 39
\BOOKMARK [3][-]{subsubsection.2.5.2.2}{\376\377\0002\000.\0005\000.\0002\000.\0002\000\040\000f\000o\000l\000d\000e\000r\000\137\000c\000o\000m\000p\000a\000r\000e\000\050\000\051}{subsection.2.5.2}% 40
\BOOKMARK [3][-]{subsubsection.2.5.2.3}{\376\377\0002\000.\0005\000.\0002\000.\0003\000\040\000p\000l\000a\000g\000C\000h\000e\000c\000k\000\050\000\051}{subsection.2.5.2}% 41
\BOOKMARK [3][-]{subsubsection.2.5.2.4}{\376\377\0002\000.\0005\000.\0002\000.\0004\000\040\000R\000u\000n\000C\000h\000e\000c\000k\000\050\000\051}{subsection.2.5.2}% 42
\BOOKMARK [3][-]{subsubsection.2.5.2.5}{\376\377\0002\000.\0005\000.\0002\000.\0005\000\040\000s\000a\000v\000e\000r\000e\000s\000\050\000\051}{subsection.2.5.2}% 43
